2020-08-02 04:18:18.824643 [guppy/message] ONT Guppy basecalling software version 3.6.0+98ff765, client-server API version 1.1.0
config file:        /home/admin/Lib/ont-guppy-cpu/data/dna_r9.4.1_450bps_modbases_dam-dcm-cpg_hac.cfg
model file:         /home/admin/Lib/ont-guppy-cpu/data/template_r9.4.1_450bps_modbases_dam-dcm-cpg_hac.jsn
input path:         data/example/
save path:          guppy_results/
chunk size:         2000
chunks per runner:  512
records per file:   4000
num basecallers:    1
cpu mode:           ON
threads per caller: 10

2020-08-02 04:18:18.825078 [guppy/info] crashpad_handler not supported on this platform.
2020-08-02 04:18:19.637472 [guppy/message] Found 50 fast5 files to process.
2020-08-02 04:18:19.637507 [guppy/message] Init time: 813 ms
2020-08-02 04:18:19.658251 [guppy/info] Read 'c3e4c0c6-11f9-4ecb-858e-877e81e31a0c' from file "kelvin_20160617_FN_MN17519_sequencing_run_sample_id_74930_ch354_read2006_strand.fast5" has been loaded.
2020-08-02 04:18:19.660695 [guppy/info] Read '8386596c-ff56-4032-b54e-8f062c194b16' from file "kelvin_20160617_FN_MN17519_sequencing_run_sample_id_74930_ch294_read732_strand.fast5" has been loaded.
2020-08-02 04:18:19.672425 [guppy/info] Read '256a655c-b3f3-4131-805f-500052090c21' from file "kelvin_20160617_FN_MN17519_sequencing_run_sample_id_74930_ch409_read716_strand.fast5" has been loaded.
2020-08-02 04:18:19.673580 [guppy/info] Read '466215ec-9922-4e12-a429-2be1d99af3ee' from file "kelvin_20160617_FN_MN17519_sequencing_run_sample_id_74930_ch118_read526_strand.fast5" has been loaded.
2020-08-02 04:18:19.676980 [guppy/info] Read 'c71fb8eb-dee1-42fc-ba25-6178263b0db8' from file "kelvin_20160617_FN_MN17519_sequencing_run_sample_id_74930_ch224_read1419_strand.fast5" has been loaded.
2020-08-02 04:18:19.688949 [guppy/info] Read 'ec56a91d-ebf2-4ca3-b2ee-056cf1189ecd' from file "kelvin_20160617_FN_MN17519_sequencing_run_sample_id_74930_ch142_read2358_strand.fast5" has been loaded.
2020-08-02 04:18:19.689946 [guppy/info] Read '21a26cb9-0be2-4670-8694-a3cee91d49b8' from file "kelvin_20160617_FN_MN17519_sequencing_run_sample_id_74930_ch139_read4507_strand.fast5" has been loaded.
2020-08-02 04:18:19.690470 [guppy/info] Read '1a7204ee-2f37-4f96-8932-0b15badf9369' from file "kelvin_20160617_FN_MN17519_sequencing_run_sample_id_74930_ch313_read2657_strand.fast5" has been loaded.
2020-08-02 04:18:19.702019 [guppy/info] Read '9485fd6e-71db-4b68-a307-5326443e49df' from file "kelvin_20160617_FN_MN17519_sequencing_run_sample_id_74930_ch298_read2348_strand.fast5" has been loaded.
2020-08-02 04:18:19.703785 [guppy/info] Read 'f58b24c2-f531-491e-b7ff-feed0e0a6184' from file "kelvin_20160617_FN_MN17519_sequencing_run_sample_id_74930_ch270_read545_strand.fast5" has been loaded.
2020-08-02 04:18:19.715025 [guppy/info] Read '0cad7c09-525e-4ee0-b322-844abc6a6f22' from file "kelvin_20160617_FN_MN17519_sequencing_run_sample_id_74930_ch324_read570_strand.fast5" has been loaded.
2020-08-02 04:18:19.716789 [guppy/info] Read 'c82546fa-0b64-403a-a249-fbb871a59d07' from file "kelvin_20160617_FN_MN17519_sequencing_run_sample_id_74930_ch412_read8784_strand.fast5" has been loaded.
2020-08-02 04:18:19.728996 [guppy/info] Read '2bd811d2-434f-4e52-9839-7a3c0fe8512a' from file "kelvin_20160617_FN_MN17519_sequencing_run_sample_id_74930_ch366_read1770_strand.fast5" has been loaded.
2020-08-02 04:18:19.730265 [guppy/info] Read '5aa9cfa8-1180-4f63-a66d-506b88f9e6a5' from file "kelvin_20160617_FN_MN17519_sequencing_run_sample_id_74930_ch258_read2664_strand.fast5" has been loaded.
2020-08-02 04:18:19.742121 [guppy/info] Read '80a5fdf7-03b6-43b1-9165-f1179c572e93' from file "kelvin_20160617_FN_MN17519_sequencing_run_sample_id_74930_ch324_read1332_strand.fast5" has been loaded.
2020-08-02 04:18:19.743416 [guppy/info] Read 'f47cefa7-6517-48b7-96c1-2dffec98d965' from file "kelvin_20160617_FN_MN17519_sequencing_run_sample_id_74930_ch118_read2334_strand.fast5" has been loaded.
2020-08-02 04:18:19.755781 [guppy/info] Read '81286bcf-7863-4e20-a891-aa0d18b217d7' from file "kelvin_20160617_FN_MN17519_sequencing_run_sample_id_74930_ch88_read4943_strand.fast5" has been loaded.
2020-08-02 04:18:19.756821 [guppy/info] Read '807cd8e6-bdae-42c2-b17b-c7c955a15331' from file "kelvin_20160617_FN_MN17519_sequencing_run_sample_id_74930_ch291_read161080_strand.fast5" has been loaded.
2020-08-02 04:18:19.771203 [guppy/info] Read '6d10228e-f974-45f9-a9f0-e2cda02f7028' from file "kelvin_20160617_FN_MN17519_sequencing_run_sample_id_74930_ch162_read1065_strand.fast5" has been loaded.
2020-08-02 04:18:19.772255 [guppy/info] Read '326ca800-e7d2-4bc7-a4f5-373d2913ba29' from file "kelvin_20160617_FN_MN17519_sequencing_run_sample_id_74930_ch422_read940_strand.fast5" has been loaded.
2020-08-02 04:18:19.783660 [guppy/info] Read '4082f5ad-f4a1-49c7-9a57-96d82846b1a2' from file "kelvin_20160617_FN_MN17519_sequencing_run_sample_id_74930_ch381_read12341_strand.fast5" has been loaded.
2020-08-02 04:18:19.785273 [guppy/info] Read '4be9da3b-88c7-42e4-8bf0-f2b37377e1b0' from file "kelvin_20160617_FN_MN17519_sequencing_run_sample_id_74930_ch138_read698_strand.fast5" has been loaded.
2020-08-02 04:18:19.796841 [guppy/info] Read 'b508a0f9-ce9d-4e29-a5b8-a6b23d308b8a' from file "kelvin_20160617_FN_MN17519_sequencing_run_sample_id_74930_ch418_read3292_strand.fast5" has been loaded.
2020-08-02 04:18:19.797719 [guppy/info] Read '565ccf5b-a8d5-4a02-a680-a0cd0b0b2f17' from file "kelvin_20160617_FN_MN17519_sequencing_run_sample_id_74930_ch175_read80_strand.fast5" has been loaded.
2020-08-02 04:18:19.809452 [guppy/info] Read 'cc8ff87f-c718-4e83-88dd-d6d8f617e7f0' from file "kelvin_20160617_FN_MN17519_sequencing_run_sample_id_74930_ch241_read2385_strand.fast5" has been loaded.
2020-08-02 04:18:19.810439 [guppy/info] Read '89976420-89a1-4e30-a790-4a324bbb91ee' from file "kelvin_20160617_FN_MN17519_sequencing_run_sample_id_74930_ch375_read1018_strand1.fast5" has been loaded.
2020-08-02 04:18:19.822336 [guppy/info] Read '319eafef-412a-4d45-97bc-f792dfae85c6' from file "kelvin_20160617_FN_MN17519_sequencing_run_sample_id_74930_ch114_read6906_strand.fast5" has been loaded.
2020-08-02 04:18:19.823526 [guppy/info] Read 'b93e68e5-a480-4ac7-a809-2346f4bc4d0f' from file "kelvin_20160617_FN_MN17519_sequencing_run_sample_id_74930_ch262_read814_strand.fast5" has been loaded.
2020-08-02 04:18:19.835390 [guppy/info] Read 'f931a7cf-380d-4a0a-a631-746b881c8cd8' from file "kelvin_20160617_FN_MN17519_sequencing_run_sample_id_74930_ch279_read13169_strand.fast5" has been loaded.
2020-08-02 04:18:19.836535 [guppy/info] Read '04764768-fd6d-429e-ac23-769007a3e8d0' from file "kelvin_20160617_FN_MN17519_sequencing_run_sample_id_74930_ch269_read2204_strand.fast5" has been loaded.
2020-08-02 04:18:19.850137 [guppy/info] Read '1b739f60-e3a2-4a8b-9ab3-7a23f4526f6d' from file "kelvin_20160617_FN_MN17519_sequencing_run_sample_id_74930_ch228_read1212_strand.fast5" has been loaded.
2020-08-02 04:18:19.851390 [guppy/info] Read '0611ff05-0213-4afb-b1de-b5c23b4ba2d9' from file "kelvin_20160617_FN_MN17519_sequencing_run_sample_id_74930_ch230_read20744_strand.fast5" has been loaded.
2020-08-02 04:18:19.862471 [guppy/info] Read 'f0559090-21fc-4611-89bf-2cc0e98184bb' from file "kelvin_20160617_FN_MN17519_sequencing_run_sample_id_74930_ch443_read162_strand.fast5" has been loaded.
2020-08-02 04:18:19.864596 [guppy/info] Read '8a384f0b-8bb6-47ea-b044-2d3cef3ce4f3' from file "kelvin_20160617_FN_MN17519_sequencing_run_sample_id_74930_ch205_read3886_strand.fast5" has been loaded.
2020-08-02 04:18:19.877320 [guppy/info] Read 'ac694169-bb0f-4394-81a6-0318ac28fa4f' from file "kelvin_20160617_FN_MN17519_sequencing_run_sample_id_74930_ch436_read2992_strand.fast5" has been loaded.
2020-08-02 04:18:19.878351 [guppy/info] Read '9a31a53c-c017-4164-b01a-dc5192b04ea8' from file "kelvin_20160617_FN_MN17519_sequencing_run_sample_id_74930_ch375_read1189_strand.fast5" has been loaded.
2020-08-02 04:18:19.889856 [guppy/info] Read '658a369c-1af7-4f75-bdff-bf63ce168445' from file "kelvin_20160617_FN_MN17519_sequencing_run_sample_id_74930_ch330_read2145_strand.fast5" has been loaded.
2020-08-02 04:18:19.890814 [guppy/info] Read '094dfe6b-23ed-4195-8876-805a399fade5' from file "kelvin_20160617_FN_MN17519_sequencing_run_sample_id_74930_ch430_read511_strand.fast5" has been loaded.
2020-08-02 04:18:19.902619 [guppy/info] Read 'b9615850-baee-4328-8829-6ad95b1e974e' from file "kelvin_20160617_FN_MN17519_sequencing_run_sample_id_74930_ch294_read356_strand.fast5" has been loaded.
2020-08-02 04:18:19.903535 [guppy/info] Read 'bec8b5d4-8fd7-4eb0-a457-44ce2f76fa0a' from file "kelvin_20160617_FN_MN17519_sequencing_run_sample_id_74930_ch311_read1440_strand.fast5" has been loaded.
2020-08-02 04:18:19.915348 [guppy/info] Read '4fc94260-507c-43df-a034-3136a54ec5e3' from file "kelvin_20160617_FN_MN17519_sequencing_run_sample_id_74930_ch159_read630_strand.fast5" has been loaded.
2020-08-02 04:18:19.916590 [guppy/info] Read 'bcdb2988-86f0-4ad0-8a82-379a273acadf' from file "kelvin_20160617_FN_MN17519_sequencing_run_sample_id_74930_ch433_read26717_strand.fast5" has been loaded.
2020-08-02 04:18:19.928759 [guppy/info] Read 'b8cb60c4-57cf-4e80-9e52-154346823f84' from file "kelvin_20160617_FN_MN17519_sequencing_run_sample_id_74930_ch193_read10923_strand.fast5" has been loaded.
2020-08-02 04:18:19.929954 [guppy/info] Read 'e84f0c18-081c-4a92-86ae-2d03bbc3c941' from file "kelvin_20160617_FN_MN17519_sequencing_run_sample_id_74930_ch434_read696_strand.fast5" has been loaded.
2020-08-02 04:18:19.931239 [guppy/info] Read '45e5f126-fdf4-4b5f-ae9f-967e3a11d088' from file "kelvin_20160617_FN_MN17519_sequencing_run_sample_id_74930_ch217_read1495_strand1.fast5" has been loaded.
2020-08-02 04:18:19.944786 [guppy/info] Read '4a91dfc4-2b07-4276-b655-b8c5f07350ae' from file "kelvin_20160617_FN_MN17519_sequencing_run_sample_id_74930_ch252_read2417_strand.fast5" has been loaded.
2020-08-02 04:18:19.956563 [guppy/info] Read '421fce76-3e99-4738-81a0-663bafd97498' from file "kelvin_20160617_FN_MN17519_sequencing_run_sample_id_74930_ch172_read1102_strand.fast5" has been loaded.
2020-08-02 04:18:19.957768 [guppy/info] Read '87e3a0fc-c4e1-4eda-843b-31d4d9617fab' from file "kelvin_20160617_FN_MN17519_sequencing_run_sample_id_74930_ch431_read800_strand.fast5" has been loaded.
2020-08-02 04:18:19.968850 [guppy/info] Read 'a8e254c1-3971-4cc8-b2e3-246fb5e4aa00' from file "kelvin_20160617_FN_MN17519_sequencing_run_sample_id_74930_ch158_read435_strand.fast5" has been loaded.
2020-08-02 04:18:19.970445 [guppy/info] Read '9e99c7de-6d9f-4daf-b4ab-9d175e29d906' from file "kelvin_20160617_FN_MN17519_sequencing_run_sample_id_74930_ch177_read479_strand.fast5" has been loaded.
2020-08-02 04:18:19.970487 [guppy/info] Dispatched batch 0 containing 50 inputs:
2020-08-02 04:18:19.970520 [guppy/info] Batch input 0 : data/example/kelvin_20160617_FN_MN17519_sequencing_run_sample_id_74930_ch354_read2006_strand.fast5
2020-08-02 04:18:19.970532 [guppy/info] Batch input 0 : data/example/kelvin_20160617_FN_MN17519_sequencing_run_sample_id_74930_ch294_read732_strand.fast5
2020-08-02 04:18:19.970541 [guppy/info] Batch input 0 : data/example/kelvin_20160617_FN_MN17519_sequencing_run_sample_id_74930_ch409_read716_strand.fast5
2020-08-02 04:18:19.970550 [guppy/info] Batch input 0 : data/example/kelvin_20160617_FN_MN17519_sequencing_run_sample_id_74930_ch118_read526_strand.fast5
2020-08-02 04:18:19.970558 [guppy/info] Batch input 0 : data/example/kelvin_20160617_FN_MN17519_sequencing_run_sample_id_74930_ch224_read1419_strand.fast5
2020-08-02 04:18:19.970578 [guppy/info] Batch input 0 : data/example/kelvin_20160617_FN_MN17519_sequencing_run_sample_id_74930_ch142_read2358_strand.fast5
2020-08-02 04:18:19.970587 [guppy/info] Batch input 0 : data/example/kelvin_20160617_FN_MN17519_sequencing_run_sample_id_74930_ch139_read4507_strand.fast5
2020-08-02 04:18:19.970595 [guppy/info] Batch input 0 : data/example/kelvin_20160617_FN_MN17519_sequencing_run_sample_id_74930_ch313_read2657_strand.fast5
2020-08-02 04:18:19.970604 [guppy/info] Batch input 0 : data/example/kelvin_20160617_FN_MN17519_sequencing_run_sample_id_74930_ch298_read2348_strand.fast5
2020-08-02 04:18:19.970612 [guppy/info] Batch input 0 : data/example/kelvin_20160617_FN_MN17519_sequencing_run_sample_id_74930_ch270_read545_strand.fast5
2020-08-02 04:18:19.970626 [guppy/info] Batch input 0 : data/example/kelvin_20160617_FN_MN17519_sequencing_run_sample_id_74930_ch324_read570_strand.fast5
2020-08-02 04:18:19.970636 [guppy/info] Batch input 0 : data/example/kelvin_20160617_FN_MN17519_sequencing_run_sample_id_74930_ch412_read8784_strand.fast5
2020-08-02 04:18:19.970644 [guppy/info] Batch input 0 : data/example/kelvin_20160617_FN_MN17519_sequencing_run_sample_id_74930_ch366_read1770_strand.fast5
2020-08-02 04:18:19.970652 [guppy/info] Batch input 0 : data/example/kelvin_20160617_FN_MN17519_sequencing_run_sample_id_74930_ch258_read2664_strand.fast5
2020-08-02 04:18:19.970660 [guppy/info] Batch input 0 : data/example/kelvin_20160617_FN_MN17519_sequencing_run_sample_id_74930_ch324_read1332_strand.fast5
2020-08-02 04:18:19.970669 [guppy/info] Batch input 0 : data/example/kelvin_20160617_FN_MN17519_sequencing_run_sample_id_74930_ch118_read2334_strand.fast5
2020-08-02 04:18:19.970677 [guppy/info] Batch input 0 : data/example/kelvin_20160617_FN_MN17519_sequencing_run_sample_id_74930_ch88_read4943_strand.fast5
2020-08-02 04:18:19.970685 [guppy/info] Batch input 0 : data/example/kelvin_20160617_FN_MN17519_sequencing_run_sample_id_74930_ch291_read161080_strand.fast5
2020-08-02 04:18:19.970693 [guppy/info] Batch input 0 : data/example/kelvin_20160617_FN_MN17519_sequencing_run_sample_id_74930_ch162_read1065_strand.fast5
2020-08-02 04:18:19.970702 [guppy/info] Batch input 0 : data/example/kelvin_20160617_FN_MN17519_sequencing_run_sample_id_74930_ch422_read940_strand.fast5
2020-08-02 04:18:19.970709 [guppy/info] Batch input 0 : data/example/kelvin_20160617_FN_MN17519_sequencing_run_sample_id_74930_ch381_read12341_strand.fast5
2020-08-02 04:18:19.970718 [guppy/info] Batch input 0 : data/example/kelvin_20160617_FN_MN17519_sequencing_run_sample_id_74930_ch138_read698_strand.fast5
2020-08-02 04:18:19.970726 [guppy/info] Batch input 0 : data/example/kelvin_20160617_FN_MN17519_sequencing_run_sample_id_74930_ch418_read3292_strand.fast5
2020-08-02 04:18:19.970734 [guppy/info] Batch input 0 : data/example/kelvin_20160617_FN_MN17519_sequencing_run_sample_id_74930_ch175_read80_strand.fast5
2020-08-02 04:18:19.970743 [guppy/info] Batch input 0 : data/example/kelvin_20160617_FN_MN17519_sequencing_run_sample_id_74930_ch241_read2385_strand.fast5
2020-08-02 04:18:19.970751 [guppy/info] Batch input 0 : data/example/kelvin_20160617_FN_MN17519_sequencing_run_sample_id_74930_ch375_read1018_strand1.fast5
2020-08-02 04:18:19.970759 [guppy/info] Batch input 0 : data/example/kelvin_20160617_FN_MN17519_sequencing_run_sample_id_74930_ch114_read6906_strand.fast5
2020-08-02 04:18:19.970767 [guppy/info] Batch input 0 : data/example/kelvin_20160617_FN_MN17519_sequencing_run_sample_id_74930_ch262_read814_strand.fast5
2020-08-02 04:18:19.970775 [guppy/info] Batch input 0 : data/example/kelvin_20160617_FN_MN17519_sequencing_run_sample_id_74930_ch279_read13169_strand.fast5
2020-08-02 04:18:19.970784 [guppy/info] Batch input 0 : data/example/kelvin_20160617_FN_MN17519_sequencing_run_sample_id_74930_ch269_read2204_strand.fast5
2020-08-02 04:18:19.970792 [guppy/info] Batch input 0 : data/example/kelvin_20160617_FN_MN17519_sequencing_run_sample_id_74930_ch228_read1212_strand.fast5
2020-08-02 04:18:19.970800 [guppy/info] Batch input 0 : data/example/kelvin_20160617_FN_MN17519_sequencing_run_sample_id_74930_ch230_read20744_strand.fast5
2020-08-02 04:18:19.970809 [guppy/info] Batch input 0 : data/example/kelvin_20160617_FN_MN17519_sequencing_run_sample_id_74930_ch443_read162_strand.fast5
2020-08-02 04:18:19.970818 [guppy/info] Batch input 0 : data/example/kelvin_20160617_FN_MN17519_sequencing_run_sample_id_74930_ch205_read3886_strand.fast5
2020-08-02 04:18:19.970826 [guppy/info] Batch input 0 : data/example/kelvin_20160617_FN_MN17519_sequencing_run_sample_id_74930_ch436_read2992_strand.fast5
2020-08-02 04:18:19.970834 [guppy/info] Batch input 0 : data/example/kelvin_20160617_FN_MN17519_sequencing_run_sample_id_74930_ch375_read1189_strand.fast5
2020-08-02 04:18:19.970842 [guppy/info] Batch input 0 : data/example/kelvin_20160617_FN_MN17519_sequencing_run_sample_id_74930_ch330_read2145_strand.fast5
2020-08-02 04:18:19.970854 [guppy/info] Batch input 0 : data/example/kelvin_20160617_FN_MN17519_sequencing_run_sample_id_74930_ch430_read511_strand.fast5
2020-08-02 04:18:19.970862 [guppy/info] Batch input 0 : data/example/kelvin_20160617_FN_MN17519_sequencing_run_sample_id_74930_ch294_read356_strand.fast5
2020-08-02 04:18:19.970871 [guppy/info] Batch input 0 : data/example/kelvin_20160617_FN_MN17519_sequencing_run_sample_id_74930_ch311_read1440_strand.fast5
2020-08-02 04:18:19.970879 [guppy/info] Batch input 0 : data/example/kelvin_20160617_FN_MN17519_sequencing_run_sample_id_74930_ch159_read630_strand.fast5
2020-08-02 04:18:19.970887 [guppy/info] Batch input 0 : data/example/kelvin_20160617_FN_MN17519_sequencing_run_sample_id_74930_ch433_read26717_strand.fast5
2020-08-02 04:18:19.970895 [guppy/info] Batch input 0 : data/example/kelvin_20160617_FN_MN17519_sequencing_run_sample_id_74930_ch193_read10923_strand.fast5
2020-08-02 04:18:19.970903 [guppy/info] Batch input 0 : data/example/kelvin_20160617_FN_MN17519_sequencing_run_sample_id_74930_ch434_read696_strand.fast5
2020-08-02 04:18:19.970912 [guppy/info] Batch input 0 : data/example/kelvin_20160617_FN_MN17519_sequencing_run_sample_id_74930_ch217_read1495_strand1.fast5
2020-08-02 04:18:19.970920 [guppy/info] Batch input 0 : data/example/kelvin_20160617_FN_MN17519_sequencing_run_sample_id_74930_ch252_read2417_strand.fast5
2020-08-02 04:18:19.970928 [guppy/info] Batch input 0 : data/example/kelvin_20160617_FN_MN17519_sequencing_run_sample_id_74930_ch172_read1102_strand.fast5
2020-08-02 04:18:19.970936 [guppy/info] Batch input 0 : data/example/kelvin_20160617_FN_MN17519_sequencing_run_sample_id_74930_ch431_read800_strand.fast5
2020-08-02 04:18:19.970944 [guppy/info] Batch input 0 : data/example/kelvin_20160617_FN_MN17519_sequencing_run_sample_id_74930_ch158_read435_strand.fast5
2020-08-02 04:18:19.970953 [guppy/info] Batch input 0 : data/example/kelvin_20160617_FN_MN17519_sequencing_run_sample_id_74930_ch177_read479_strand.fast5
2020-08-02 04:18:22.819352 [guppy/info] Read 'c3e4c0c6-11f9-4ecb-858e-877e81e31a0c' from file "kelvin_20160617_FN_MN17519_sequencing_run_sample_id_74930_ch354_read2006_strand.fast5" completed.
2020-08-02 04:18:27.899914 [guppy/info] Read '8386596c-ff56-4032-b54e-8f062c194b16' from file "kelvin_20160617_FN_MN17519_sequencing_run_sample_id_74930_ch294_read732_strand.fast5" completed.
2020-08-02 04:18:31.564669 [guppy/info] Read '256a655c-b3f3-4131-805f-500052090c21' from file "kelvin_20160617_FN_MN17519_sequencing_run_sample_id_74930_ch409_read716_strand.fast5" completed.
2020-08-02 04:18:36.423408 [guppy/info] Read '466215ec-9922-4e12-a429-2be1d99af3ee' from file "kelvin_20160617_FN_MN17519_sequencing_run_sample_id_74930_ch118_read526_strand.fast5" completed.
2020-08-02 04:18:38.877046 [guppy/info] Read 'c71fb8eb-dee1-42fc-ba25-6178263b0db8' from file "kelvin_20160617_FN_MN17519_sequencing_run_sample_id_74930_ch224_read1419_strand.fast5" completed.
2020-08-02 04:18:43.128073 [guppy/info] Read 'ec56a91d-ebf2-4ca3-b2ee-056cf1189ecd' from file "kelvin_20160617_FN_MN17519_sequencing_run_sample_id_74930_ch142_read2358_strand.fast5" completed.
2020-08-02 04:18:45.571030 [guppy/info] Read '21a26cb9-0be2-4670-8694-a3cee91d49b8' from file "kelvin_20160617_FN_MN17519_sequencing_run_sample_id_74930_ch139_read4507_strand.fast5" completed.
2020-08-02 04:18:48.625430 [guppy/info] Read '1a7204ee-2f37-4f96-8932-0b15badf9369' from file "kelvin_20160617_FN_MN17519_sequencing_run_sample_id_74930_ch313_read2657_strand.fast5" completed.
2020-08-02 04:18:52.893054 [guppy/info] Read '9485fd6e-71db-4b68-a307-5326443e49df' from file "kelvin_20160617_FN_MN17519_sequencing_run_sample_id_74930_ch298_read2348_strand.fast5" completed.
2020-08-02 04:18:56.335497 [guppy/info] Read 'f58b24c2-f531-491e-b7ff-feed0e0a6184' from file "kelvin_20160617_FN_MN17519_sequencing_run_sample_id_74930_ch270_read545_strand.fast5" completed.
2020-08-02 04:19:01.411111 [guppy/info] Read '0cad7c09-525e-4ee0-b322-844abc6a6f22' from file "kelvin_20160617_FN_MN17519_sequencing_run_sample_id_74930_ch324_read570_strand.fast5" completed.
2020-08-02 04:19:04.660451 [guppy/info] Read 'c82546fa-0b64-403a-a249-fbb871a59d07' from file "kelvin_20160617_FN_MN17519_sequencing_run_sample_id_74930_ch412_read8784_strand.fast5" completed.
2020-08-02 04:19:08.506131 [guppy/info] Read '2bd811d2-434f-4e52-9839-7a3c0fe8512a' from file "kelvin_20160617_FN_MN17519_sequencing_run_sample_id_74930_ch366_read1770_strand.fast5" completed.
2020-08-02 04:19:11.951564 [guppy/info] Read '5aa9cfa8-1180-4f63-a66d-506b88f9e6a5' from file "kelvin_20160617_FN_MN17519_sequencing_run_sample_id_74930_ch258_read2664_strand.fast5" completed.
2020-08-02 04:19:15.600174 [guppy/info] Read '80a5fdf7-03b6-43b1-9165-f1179c572e93' from file "kelvin_20160617_FN_MN17519_sequencing_run_sample_id_74930_ch324_read1332_strand.fast5" completed.
2020-08-02 04:19:18.629012 [guppy/info] Read 'f47cefa7-6517-48b7-96c1-2dffec98d965' from file "kelvin_20160617_FN_MN17519_sequencing_run_sample_id_74930_ch118_read2334_strand.fast5" completed.
2020-08-02 04:19:21.264310 [guppy/info] Read '81286bcf-7863-4e20-a891-aa0d18b217d7' from file "kelvin_20160617_FN_MN17519_sequencing_run_sample_id_74930_ch88_read4943_strand.fast5" completed.
2020-08-02 04:19:24.910149 [guppy/info] Read '807cd8e6-bdae-42c2-b17b-c7c955a15331' from file "kelvin_20160617_FN_MN17519_sequencing_run_sample_id_74930_ch291_read161080_strand.fast5" completed.
2020-08-02 04:19:27.964845 [guppy/info] Read '6d10228e-f974-45f9-a9f0-e2cda02f7028' from file "kelvin_20160617_FN_MN17519_sequencing_run_sample_id_74930_ch162_read1065_strand.fast5" completed.
2020-08-02 04:19:32.018232 [guppy/info] Read '326ca800-e7d2-4bc7-a4f5-373d2913ba29' from file "kelvin_20160617_FN_MN17519_sequencing_run_sample_id_74930_ch422_read940_strand.fast5" completed.
2020-08-02 04:19:37.084414 [guppy/info] Read '4082f5ad-f4a1-49c7-9a57-96d82846b1a2' from file "kelvin_20160617_FN_MN17519_sequencing_run_sample_id_74930_ch381_read12341_strand.fast5" completed.
2020-08-02 04:19:39.106476 [guppy/info] Read '4be9da3b-88c7-42e4-8bf0-f2b37377e1b0' from file "kelvin_20160617_FN_MN17519_sequencing_run_sample_id_74930_ch138_read698_strand.fast5" completed.
2020-08-02 04:19:41.331345 [guppy/info] Read 'b508a0f9-ce9d-4e29-a5b8-a6b23d308b8a' from file "kelvin_20160617_FN_MN17519_sequencing_run_sample_id_74930_ch418_read3292_strand.fast5" completed.
2020-08-02 04:19:45.389308 [guppy/info] Read '565ccf5b-a8d5-4a02-a680-a0cd0b0b2f17' from file "kelvin_20160617_FN_MN17519_sequencing_run_sample_id_74930_ch175_read80_strand.fast5" completed.
2020-08-02 04:19:47.616968 [guppy/info] Read 'cc8ff87f-c718-4e83-88dd-d6d8f617e7f0' from file "kelvin_20160617_FN_MN17519_sequencing_run_sample_id_74930_ch241_read2385_strand.fast5" completed.
2020-08-02 04:19:50.870641 [guppy/info] Read '89976420-89a1-4e30-a790-4a324bbb91ee' from file "kelvin_20160617_FN_MN17519_sequencing_run_sample_id_74930_ch375_read1018_strand1.fast5" completed.
2020-08-02 04:19:54.320235 [guppy/info] Read '319eafef-412a-4d45-97bc-f792dfae85c6' from file "kelvin_20160617_FN_MN17519_sequencing_run_sample_id_74930_ch114_read6906_strand.fast5" completed.
2020-08-02 04:19:57.382704 [guppy/info] Read 'b93e68e5-a480-4ac7-a809-2346f4bc4d0f' from file "kelvin_20160617_FN_MN17519_sequencing_run_sample_id_74930_ch262_read814_strand.fast5" completed.
2020-08-02 04:20:01.023827 [guppy/info] Read 'f931a7cf-380d-4a0a-a631-746b881c8cd8' from file "kelvin_20160617_FN_MN17519_sequencing_run_sample_id_74930_ch279_read13169_strand.fast5" completed.
2020-08-02 04:20:03.664911 [guppy/info] Read '04764768-fd6d-429e-ac23-769007a3e8d0' from file "kelvin_20160617_FN_MN17519_sequencing_run_sample_id_74930_ch269_read2204_strand.fast5" completed.
2020-08-02 04:20:07.520541 [guppy/info] Read '1b739f60-e3a2-4a8b-9ab3-7a23f4526f6d' from file "kelvin_20160617_FN_MN17519_sequencing_run_sample_id_74930_ch228_read1212_strand.fast5" completed.
2020-08-02 04:20:10.366696 [guppy/info] Read '0611ff05-0213-4afb-b1de-b5c23b4ba2d9' from file "kelvin_20160617_FN_MN17519_sequencing_run_sample_id_74930_ch230_read20744_strand.fast5" completed.
2020-08-02 04:20:16.030884 [guppy/info] Read 'f0559090-21fc-4611-89bf-2cc0e98184bb' from file "kelvin_20160617_FN_MN17519_sequencing_run_sample_id_74930_ch443_read162_strand.fast5" completed.
2020-08-02 04:20:20.484813 [guppy/info] Read '8a384f0b-8bb6-47ea-b044-2d3cef3ce4f3' from file "kelvin_20160617_FN_MN17519_sequencing_run_sample_id_74930_ch205_read3886_strand.fast5" completed.
2020-08-02 04:20:23.316872 [guppy/info] Read 'ac694169-bb0f-4394-81a6-0318ac28fa4f' from file "kelvin_20160617_FN_MN17519_sequencing_run_sample_id_74930_ch436_read2992_strand.fast5" completed.
2020-08-02 04:20:25.348766 [guppy/info] Read '9a31a53c-c017-4164-b01a-dc5192b04ea8' from file "kelvin_20160617_FN_MN17519_sequencing_run_sample_id_74930_ch375_read1189_strand.fast5" completed.
2020-08-02 04:20:27.987043 [guppy/info] Read '658a369c-1af7-4f75-bdff-bf63ce168445' from file "kelvin_20160617_FN_MN17519_sequencing_run_sample_id_74930_ch330_read2145_strand.fast5" completed.
2020-08-02 04:20:31.631206 [guppy/info] Read '094dfe6b-23ed-4195-8876-805a399fade5' from file "kelvin_20160617_FN_MN17519_sequencing_run_sample_id_74930_ch430_read511_strand.fast5" completed.
2020-08-02 04:20:34.264323 [guppy/info] Read 'b9615850-baee-4328-8829-6ad95b1e974e' from file "kelvin_20160617_FN_MN17519_sequencing_run_sample_id_74930_ch294_read356_strand.fast5" completed.
2020-08-02 04:20:38.112759 [guppy/info] Read 'bec8b5d4-8fd7-4eb0-a457-44ce2f76fa0a' from file "kelvin_20160617_FN_MN17519_sequencing_run_sample_id_74930_ch311_read1440_strand.fast5" completed.
2020-08-02 04:20:40.740800 [guppy/info] Read '4fc94260-507c-43df-a034-3136a54ec5e3' from file "kelvin_20160617_FN_MN17519_sequencing_run_sample_id_74930_ch159_read630_strand.fast5" completed.
2020-08-02 04:20:43.788429 [guppy/info] Read 'bcdb2988-86f0-4ad0-8a82-379a273acadf' from file "kelvin_20160617_FN_MN17519_sequencing_run_sample_id_74930_ch433_read26717_strand.fast5" completed.
2020-08-02 04:20:47.233858 [guppy/info] Read 'b8cb60c4-57cf-4e80-9e52-154346823f84' from file "kelvin_20160617_FN_MN17519_sequencing_run_sample_id_74930_ch193_read10923_strand.fast5" completed.
2020-08-02 04:20:51.500570 [guppy/info] Read 'e84f0c18-081c-4a92-86ae-2d03bbc3c941' from file "kelvin_20160617_FN_MN17519_sequencing_run_sample_id_74930_ch434_read696_strand.fast5" completed.
2020-08-02 04:20:53.536334 [guppy/info] Read '45e5f126-fdf4-4b5f-ae9f-967e3a11d088' from file "kelvin_20160617_FN_MN17519_sequencing_run_sample_id_74930_ch217_read1495_strand1.fast5" completed.
2020-08-02 04:20:57.985294 [guppy/info] Read '4a91dfc4-2b07-4276-b655-b8c5f07350ae' from file "kelvin_20160617_FN_MN17519_sequencing_run_sample_id_74930_ch252_read2417_strand.fast5" completed.
2020-08-02 04:21:01.637702 [guppy/info] Read '421fce76-3e99-4738-81a0-663bafd97498' from file "kelvin_20160617_FN_MN17519_sequencing_run_sample_id_74930_ch172_read1102_strand.fast5" completed.
2020-08-02 04:21:04.686548 [guppy/info] Read '87e3a0fc-c4e1-4eda-843b-31d4d9617fab' from file "kelvin_20160617_FN_MN17519_sequencing_run_sample_id_74930_ch431_read800_strand.fast5" completed.
2020-08-02 04:21:08.340403 [guppy/info] Read 'a8e254c1-3971-4cc8-b2e3-246fb5e4aa00' from file "kelvin_20160617_FN_MN17519_sequencing_run_sample_id_74930_ch158_read435_strand.fast5" completed.
2020-08-02 04:21:10.400052 [guppy/info] Read '9e99c7de-6d9f-4daf-b4ab-9d175e29d906' from file "kelvin_20160617_FN_MN17519_sequencing_run_sample_id_74930_ch177_read479_strand.fast5" completed.
2020-08-02 04:21:10.416068 [guppy/info] Completed batch 0
2020-08-02 04:21:10.627346 [guppy/message] Caller time: 170990 ms, Samples called: 11053400, samples/s: 64643.5
2020-08-02 04:21:10.627515 [guppy/message] Finishing up any open output files.
2020-08-02 04:21:27.180597 [guppy/message] Basecalling completed successfully.
