Building DAG of jobs...
Using shell: /bin/bash
Provided cores: 12
Rules claiming more threads will be scaled down.
Job counts:
	count	jobs
	1	combine_freq_and_cov
	1	wig_to_tsv_for_cov
	1	wig_to_tsv_for_mod
	3

[Wed Oct 14 19:47:42 2020]
rule wig_to_tsv_for_mod:
    input: example.fraction_modified_reads.plus.wig, example.fraction_modified_reads.minus.wig
    output: tombo_results/example_tombo-freq-only.tsv
    jobid: 1
    wildcards: sample=example

[Wed Oct 14 19:47:42 2020]
rule wig_to_tsv_for_cov:
    input: example.valid_coverage.plus.wig, example.valid_coverage.minus.wig
    output: tombo_results/example_tombo-cov-only.tsv
    jobid: 2
    wildcards: sample=example

[Wed Oct 14 19:47:42 2020]
Finished job 2.
1 of 3 steps (33%) done
[Wed Oct 14 19:47:42 2020]
Finished job 1.
2 of 3 steps (67%) done

[Wed Oct 14 19:47:42 2020]
rule combine_freq_and_cov:
    input: script_in_snakemake/run_tombo.R, tombo_results/example_tombo-freq-only.tsv, tombo_results/example_tombo-cov-only.tsv
    output: tombo_results/example_tombo-freq-perCG.tsv
    jobid: 0
    wildcards: sample=example

[Wed Oct 14 19:47:43 2020]
Finished job 0.
3 of 3 steps (100%) done
Complete log: /home/admin/comprna/METEORE/.snakemake/log/2020-10-14T194742.375609.snakemake.log
