Building DAG of jobs...
Using shell: /bin/bash
Provided cores: 1
Rules claiming more threads will be scaled down.
Job counts:
	count	jobs
	1	combine_freq_and_cov
	1	detect_modification
	1	output_browser_files
	1	wig_to_tsv_for_cov
	1	wig_to_tsv_for_mod
	5

[Wed Oct 14 19:43:17 2020]
rule detect_modification:
    input: data/example, data/ecoli_k12_mg1655.fasta
    output: example.CpG.tombo.stats, example.CpG.tombo.per_read_stats
    jobid: 4
    wildcards: sample=example

[Wed Oct 14 19:43:25 2020]
Finished job 4.
1 of 5 steps (20%) done

[Wed Oct 14 19:43:25 2020]
rule output_browser_files:
    input: data/example, example.CpG.tombo.stats
    output: example.valid_coverage.minus.wig, example.valid_coverage.plus.wig, example.fraction_modified_reads.minus.wig, example.fraction_modified_reads.plus.wig
    jobid: 3
    wildcards: sample=example

[Wed Oct 14 19:43:25 2020]
Finished job 3.
2 of 5 steps (40%) done

[Wed Oct 14 19:43:25 2020]
rule wig_to_tsv_for_mod:
    input: example.fraction_modified_reads.plus.wig, example.fraction_modified_reads.minus.wig
    output: tombo_results/example_tombo-freq-only.tsv
    jobid: 2
    wildcards: sample=example

[Wed Oct 14 19:43:25 2020]
Error in rule wig_to_tsv_for_mod:
    jobid: 2
    output: tombo_results/example_tombo-freq-only.tsv

RuleException:
CalledProcessError in line 30 of /home/admin/comprna/METEORE/Tombo:
Command ' set -euo pipefail;  /home/admin/Lib/anaconda3/envs/meteore_deepsignal_env/bin/python /home/admin/comprna/METEORE/.snakemake/scripts/tmphmwlf56y.wig2bed.py ' returned non-zero exit status 1.
  File "/home/admin/comprna/METEORE/Tombo", line 30, in __rule_wig_to_tsv_for_mod
  File "/home/admin/Lib/anaconda3/envs/meteore_deepsignal_env/lib/python3.6/concurrent/futures/thread.py", line 56, in run
Shutting down, this might take some time.
Exiting because a job execution failed. Look above for error message
Complete log: /home/admin/comprna/METEORE/.snakemake/log/2020-10-14T194317.731999.snakemake.log
