Building DAG of jobs...
Using shell: /bin/bash
Provided cores: 12
Rules claiming more threads will be scaled down.
Conda environments: ignored
Job counts:
	count	jobs
	1	calculate_frequency
	1	call_methylation
	1	index
	1	minimap2
	1	samtools_index
	1	samtools_sort
	1	split_cpgs
	7

[Tue Jan 12 09:15:23 2021]
rule minimap2:
    input: data/ecoli_k12_mg1655.fasta, example.fastq
    output: nanopolish_results/mapped/example.bam
    log: nanopolish_results/mapped/example.log
    jobid: 6
    wildcards: sample=example
    threads: 6

[Tue Jan 12 09:15:23 2021]
rule index:
    input: data/example, example.fastq
    output: example.fastq.index, example.fastq.index.fai, example.fastq.index.gzi, example.fastq.index.readdb
    jobid: 5
    wildcards: sample=example

[Tue Jan 12 09:15:23 2021]
Finished job 5.
1 of 7 steps (14%) done
[Tue Jan 12 09:15:24 2021]
Finished job 6.
2 of 7 steps (29%) done

[Tue Jan 12 09:15:25 2021]
rule samtools_sort:
    input: nanopolish_results/mapped/example.bam
    output: nanopolish_results/mapped/example.sorted.bam
    jobid: 3
    wildcards: sample=example

[Tue Jan 12 09:15:25 2021]
Finished job 3.
3 of 7 steps (43%) done

[Tue Jan 12 09:15:25 2021]
rule samtools_index:
    input: nanopolish_results/mapped/example.sorted.bam
    output: nanopolish_results/mapped/example.sorted.bam.bai
    jobid: 4
    wildcards: sample=example

[Tue Jan 12 09:15:25 2021]
Finished job 4.
4 of 7 steps (57%) done

[Tue Jan 12 09:15:25 2021]
rule call_methylation:
    input: nanopolish_results/mapped/example.sorted.bam, nanopolish_results/mapped/example.sorted.bam.bai, data/ecoli_k12_mg1655.fasta, example.fastq, example.fastq.index, example.fastq.index.fai, example.fastq.index.gzi, example.fastq.index.readdb
    output: nanopolish_results/example_nanopolish-log.tsv
    jobid: 2
    wildcards: sample=example

[Tue Jan 12 09:15:27 2021]
Finished job 2.
5 of 7 steps (71%) done

[Tue Jan 12 09:15:27 2021]
rule split_cpgs:
    input: nanopolish_results/example_nanopolish-log.tsv
    output: nanopolish_results/example_nanopolish-log-perCG.tsv
    jobid: 1
    wildcards: sample=example

[Tue Jan 12 09:15:27 2021]
Finished job 1.
6 of 7 steps (86%) done

[Tue Jan 12 09:15:27 2021]
rule calculate_frequency:
    input: script_in_snakemake/run_nanopolish.R, nanopolish_results/example_nanopolish-log-perCG.tsv
    output: nanopolish_results/example_nanopolish-freq-perCG.tsv
    jobid: 0
    wildcards: sample=example

[Tue Jan 12 09:15:28 2021]
Finished job 0.
7 of 7 steps (100%) done
Complete log: /home/admin/comprna/METEORE/.snakemake/log/2021-01-12T091523.594545.snakemake.log
