Building DAG of jobs...
Using shell: /bin/bash
Provided cores: 12
Rules claiming more threads will be scaled down.
Conda environments: ignored
Job counts:
	count	jobs
	1	calculate_frequency
	1	call_methylation
	1	minimap2
	1	samtools_index
	1	samtools_sort
	1	split_cpgs
	6

[Fri Jan 15 14:58:20 2021]
rule minimap2:
    input: data/ecoli_k12_mg1655.fasta, example.fastq
    output: nanopolish_results/mapped/example.bam
    log: nanopolish_results/mapped/example.log
    jobid: 6
    wildcards: sample=example
    threads: 6

[Fri Jan 15 14:58:21 2021]
Finished job 6.
1 of 6 steps (17%) done

[Fri Jan 15 14:58:21 2021]
rule samtools_sort:
    input: nanopolish_results/mapped/example.bam
    output: nanopolish_results/mapped/example.sorted.bam
    jobid: 3
    wildcards: sample=example

[Fri Jan 15 14:58:21 2021]
Finished job 3.
2 of 6 steps (33%) done

[Fri Jan 15 14:58:21 2021]
rule samtools_index:
    input: nanopolish_results/mapped/example.sorted.bam
    output: nanopolish_results/mapped/example.sorted.bam.bai
    jobid: 4
    wildcards: sample=example

[Fri Jan 15 14:58:21 2021]
Finished job 4.
3 of 6 steps (50%) done

[Fri Jan 15 14:58:21 2021]
rule call_methylation:
    input: nanopolish_results/mapped/example.sorted.bam, nanopolish_results/mapped/example.sorted.bam.bai, data/ecoli_k12_mg1655.fasta, example.fastq, example.fastq.index, example.fastq.index.fai, example.fastq.index.gzi, example.fastq.index.readdb
    output: nanopolish_results/example_nanopolish-log.tsv
    jobid: 2
    wildcards: sample=example

[Fri Jan 15 14:58:23 2021]
Finished job 2.
4 of 6 steps (67%) done

[Fri Jan 15 14:58:23 2021]
rule split_cpgs:
    input: nanopolish_results/example_nanopolish-log.tsv
    output: nanopolish_results/example_nanopolish-log-perCG.tsv
    jobid: 1
    wildcards: sample=example

[Fri Jan 15 14:58:24 2021]
Finished job 1.
5 of 6 steps (83%) done

[Fri Jan 15 14:58:24 2021]
rule calculate_frequency:
    input: script_in_snakemake/run_nanopolish.R, nanopolish_results/example_nanopolish-log-perCG.tsv
    output: nanopolish_results/example_nanopolish-freq-perCG.tsv
    jobid: 0
    wildcards: sample=example

[Fri Jan 15 14:58:24 2021]
Finished job 0.
6 of 6 steps (100%) done
Complete log: /home/admin/comprna/METEORE/.snakemake/log/2021-01-15T145820.299488.snakemake.log
