Building DAG of jobs...
Using shell: /bin/bash
Provided cores: 12
Rules claiming more threads will be scaled down.
Conda environments: ignored
Job stats:
job                    count    min threads    max threads
-------------------  -------  -------------  -------------
calculate_frequency        1              1              1
call_methylation           1              1              1
index                      1              1              1
minimap2                   1              6              6
samtools_index             1              1              1
samtools_sort              1              1              1
split_cpgs                 1              1              1
total                      7              1              6

Select jobs to execute...

[Wed May 25 10:46:28 2022]
rule minimap2:
    input: data/ecoli_k12_mg1655.fasta, example.fastq
    output: nanopolish_results/mapped/example.bam
    log: nanopolish_results/mapped/example.log
    jobid: 4
    wildcards: sample=example
    threads: 6
    resources: tmpdir=/tmp

[Wed May 25 10:46:28 2022]
rule index:
    input: data/example, example.fastq
    output: example.fastq.index, example.fastq.index.fai, example.fastq.index.gzi, example.fastq.index.readdb
    jobid: 6
    wildcards: sample=example
    resources: tmpdir=/tmp

[Wed May 25 10:46:28 2022]
Finished job 6.
1 of 7 steps (14%) done
[Wed May 25 10:46:29 2022]
Finished job 4.
2 of 7 steps (29%) done
Select jobs to execute...

[Wed May 25 10:46:29 2022]
rule samtools_sort:
    input: nanopolish_results/mapped/example.bam
    output: nanopolish_results/mapped/example.sorted.bam
    jobid: 3
    wildcards: sample=example
    resources: tmpdir=/tmp

[Wed May 25 10:46:30 2022]
Finished job 3.
3 of 7 steps (43%) done
Select jobs to execute...

[Wed May 25 10:46:30 2022]
rule samtools_index:
    input: nanopolish_results/mapped/example.sorted.bam
    output: nanopolish_results/mapped/example.sorted.bam.bai
    jobid: 5
    wildcards: sample=example
    resources: tmpdir=/tmp

[Wed May 25 10:46:30 2022]
Finished job 5.
4 of 7 steps (57%) done
Select jobs to execute...

[Wed May 25 10:46:30 2022]
rule call_methylation:
    input: nanopolish_results/mapped/example.sorted.bam, nanopolish_results/mapped/example.sorted.bam.bai, data/ecoli_k12_mg1655.fasta, example.fastq, example.fastq.index, example.fastq.index.fai, example.fastq.index.gzi, example.fastq.index.readdb
    output: nanopolish_results/example_nanopolish-log.tsv
    jobid: 2
    wildcards: sample=example
    resources: tmpdir=/tmp

[Wed May 25 10:46:32 2022]
Finished job 2.
5 of 7 steps (71%) done
Select jobs to execute...

[Wed May 25 10:46:32 2022]
rule split_cpgs:
    input: nanopolish_results/example_nanopolish-log.tsv
    output: nanopolish_results/example_nanopolish-log-perCG.tsv
    jobid: 1
    wildcards: sample=example
    resources: tmpdir=/tmp

[Wed May 25 10:46:32 2022]
Finished job 1.
6 of 7 steps (86%) done
Select jobs to execute...

[Wed May 25 10:46:32 2022]
rule calculate_frequency:
    input: script_in_snakemake/run_nanopolish.R, nanopolish_results/example_nanopolish-log-perCG.tsv
    output: nanopolish_results/example_nanopolish-freq-perCG.tsv, nanopolish_results/example_nanopolish-freq-perCG-combStrand.tsv
    jobid: 0
    wildcards: sample=example
    resources: tmpdir=/tmp

[Wed May 25 10:46:33 2022]
Finished job 0.
7 of 7 steps (100%) done
Complete log: .snakemake/log/2022-05-25T104628.629086.snakemake.log
